c:\users\norri\documents\github\_game development\custom engine projects\opengl engine project\x64\debug\vc142.pdb
c:\users\norri\documents\github\_game development\custom engine projects\opengl engine project\x64\debug\vc142.idb
c:\users\norri\documents\github\_game development\custom engine projects\opengl engine project\x64\debug\triangle_mesh.obj
c:\users\norri\documents\github\_game development\custom engine projects\opengl engine project\x64\debug\shader_program.obj
c:\users\norri\documents\github\_game development\custom engine projects\opengl engine project\x64\debug\shader.obj
c:\users\norri\documents\github\_game development\custom engine projects\opengl engine project\x64\debug\scene.obj
c:\users\norri\documents\github\_game development\custom engine projects\opengl engine project\x64\debug\square_mesh.obj
c:\users\norri\documents\github\_game development\custom engine projects\opengl engine project\x64\debug\mesh.obj
c:\users\norri\documents\github\_game development\custom engine projects\opengl engine project\x64\debug\main.obj
c:\users\norri\documents\github\_game development\custom engine projects\opengl engine project\x64\debug\game_scene.obj
c:\users\norri\documents\github\_game development\custom engine projects\opengl engine project\x64\debug\game_object.obj
c:\users\norri\documents\github\_game development\custom engine projects\opengl engine project\x64\debug\engine.obj
c:\users\norri\documents\github\_game development\custom engine projects\opengl engine project\x64\debug\colored_2d_shader_program.obj
c:\users\norri\documents\github\_game development\custom engine projects\opengl engine project\x64\debug\blocky_boy.obj
c:\users\norri\documents\github\_game development\custom engine projects\opengl engine project\x64\debug\assets.obj
c:\users\norri\documents\github\_game development\custom engine projects\opengl engine project\x64\debug\asset.obj
c:\users\norri\documents\github\_game development\custom engine projects\opengl engine project\x64\debug\pointy_head.obj
c:\users\norri\documents\github\_game development\custom engine projects\opengl engine project\x64\debug\semioctagon.obj
c:\users\norri\documents\github\_game development\custom engine projects\opengl engine project\x64\debug\gameobject.obj
c:\users\norri\documents\github\_game development\custom engine projects\opengl engine project\x64\debug\polygonmesh.obj
c:\users\norri\documents\github\_game development\custom engine projects\opengl engine project\x64\debug\semioctagonmesh.obj
c:\users\norri\documents\github\_game development\custom engine projects\opengl engine project\x64\debug\octagonmesh.obj
c:\users\norri\documents\github\_game development\custom engine projects\opengl engine project\x64\debug\bunker.obj
c:\users\norri\documents\github\_game development\custom engine projects\opengl engine project\x64\debug\floor.obj
c:\users\norri\documents\github\_game development\custom engine projects\opengl engine project\x64\debug\shaderprogram.obj
c:\users\norri\documents\github\_game development\custom engine projects\opengl engine project\x64\debug\shaderprogram_colored3d.obj
c:\users\norri\documents\github\_game development\custom engine projects\opengl engine project\x64\debug\mesh_cube.obj
c:\users\norri\documents\github\_game development\custom engine projects\opengl engine project\x64\debug\mesh_semioctagon.obj
c:\users\norri\documents\github\_game development\custom engine projects\opengl engine project\x64\debug\scene_display.obj
c:\users\norri\documents\github\_game development\custom engine projects\opengl engine project\x64\debug\mesh_octagon.obj
c:\users\norri\documents\github\_game development\custom engine projects\opengl engine project\x64\debug\mesh_triangle.obj
c:\users\norri\documents\github\_game development\custom engine projects\opengl engine project\x64\debug\mesh_square.obj
c:\users\norri\documents\github\_game development\custom engine projects\opengl engine project\x64\debug\opengl engine project.exe
c:\users\norri\documents\github\_game development\custom engine projects\opengl engine project\x64\debug\opengl engine project.ilk
c:\users\norri\documents\github\_game development\custom engine projects\opengl engine project\x64\debug\opengl engine project.pdb
c:\users\norri\documents\github\_game development\custom engine projects\opengl engine project\x64\debug\feature_complete.ilk
c:\users\norri\documents\github\_game development\custom engine projects\opengl engine project\x64\debug\feature_complete.pdb
c:\users\norri\documents\github\_game development\custom engine projects\opengl engine project\x64\debug\opengl e.0d8a0564.tlog\cl.command.1.tlog
c:\users\norri\documents\github\_game development\custom engine projects\opengl engine project\x64\debug\opengl e.0d8a0564.tlog\cl.read.1.tlog
c:\users\norri\documents\github\_game development\custom engine projects\opengl engine project\x64\debug\opengl e.0d8a0564.tlog\cl.write.1.tlog
c:\users\norri\documents\github\_game development\custom engine projects\opengl engine project\x64\debug\opengl e.0d8a0564.tlog\link.command.1.tlog
c:\users\norri\documents\github\_game development\custom engine projects\opengl engine project\x64\debug\opengl e.0d8a0564.tlog\link.read.1.tlog
c:\users\norri\documents\github\_game development\custom engine projects\opengl engine project\x64\debug\opengl e.0d8a0564.tlog\link.write.1.tlog
