C:\Program Files (x86)\Microsoft Visual Studio\2019\Community\MSBuild\Microsoft\VC\v160\Microsoft.CppBuild.targets(467,5): warning MSB8028: The intermediate directory (x64\Debug\) contains files shared from another project (feature_complete.vcxproj).  This can lead to incorrect clean and rebuild behavior.
  asset.cpp
  assets.cpp
  Floor.cpp
  colored_2D_shader_program.cpp
  Engine.cpp
  GameObject.cpp
  game_scene.cpp
  main.cpp
  Mesh.cpp
  Mesh_Cube.cpp
  pointy_head.cpp
  Mesh_Octagon.cpp
  Bunker.cpp
  Scene_Display.cpp
  Mesh_SemiOctagon.cpp
  ShaderProgram_Colored3D.cpp
  Mesh_Square.cpp
  Scene.cpp
  shader.cpp
  ShaderProgram.cpp
  Generating Code...
  Compiling...
  Mesh_Triangle.cpp
  Generating Code...
LINK : warning LNK4098: defaultlib 'LIBCMT' conflicts with use of other libs; use /NODEFAULTLIB:library
LINK : warning LNK4098: defaultlib 'MSVCRT' conflicts with use of other libs; use /NODEFAULTLIB:library
glew32s.lib(glew.obj) : warning LNK4099: PDB 'vc120.pdb' was not found with 'glew32s.lib(glew.obj)' or at 'C:\Users\norri\Documents\GitHub\_Game Development\Custom Engine Projects\OpenGL Engine Project\x64\Debug\vc120.pdb'; linking object as if no debug info
  OpenGL Engine Project.vcxproj -> C:\Users\norri\Documents\GitHub\_Game Development\Custom Engine Projects\OpenGL Engine Project\x64\Debug\OpenGL Engine Project.exe
